[debug] [2023-04-28T00:52:16.563Z] ----------------------------------------------------------------------
[debug] [2023-04-28T00:52:16.570Z] Command:       C:\Program Files\nodejs\node.exe C:\Users\Pukuta Mwanza\AppData\Roaming\npm\node_modules\firebase-tools\lib\bin\firebase.js init
[debug] [2023-04-28T00:52:16.571Z] CLI Version:   11.25.3
[debug] [2023-04-28T00:52:16.571Z] Platform:      win32
[debug] [2023-04-28T00:52:16.571Z] Node Version:  v18.15.0
[debug] [2023-04-28T00:52:16.573Z] Time:          Fri Apr 28 2023 02:52:16 GMT+0200 (Eastern European Standard Time)
[debug] [2023-04-28T00:52:16.573Z] ----------------------------------------------------------------------
[debug] 
[debug] [2023-04-28T00:52:16.741Z] > command requires scopes: ["email","openid","https://www.googleapis.com/auth/cloudplatformprojects.readonly","https://www.googleapis.com/auth/firebase","https://www.googleapis.com/auth/cloud-platform"]
[debug] [2023-04-28T00:52:16.743Z] > authorizing via signed-in user (eliot.alderson20@gmail.com)
[info] 
     ######## #### ########  ######## ########     ###     ######  ########
     ##        ##  ##     ## ##       ##     ##  ##   ##  ##       ##
     ######    ##  ########  ######   ########  #########  ######  ######
     ##        ##  ##    ##  ##       ##     ## ##     ##       ## ##
     ##       #### ##     ## ######## ########  ##     ##  ######  ########

You're about to initialize a Firebase project in this directory:

  C:\Users\Pukuta Mwanza\Documents\My Projects\HSONE\hs

Before we get started, keep in mind:

  * You are initializing within an existing Firebase project directory

